
Sat Dec 26 2020 02:45:12 GMT+0000 (Coordinated Universal Time) Access to index logged
Sat Dec 26 2020 02:45:34 GMT+0000 (Coordinated Universal Time) Access to index logged
Sat Dec 26 2020 02:46:13 GMT+0000 (Coordinated Universal Time) Access to index logged
Sat Dec 26 2020 02:46:54 GMT+0000 (Coordinated Universal Time) Access to index logged
Sat Dec 26 2020 02:48:45 GMT+0000 (Coordinated Universal Time) Access to index logged
Sat Dec 26 2020 02:48:54 GMT+0000 (Coordinated Universal Time) Access to index logged
Sat Dec 26 2020 02:49:11 GMT+0000 (Coordinated Universal Time) Access to index logged
Sat Dec 26 2020 02:50:26 GMT+0000 (Coordinated Universal Time) Access to index logged
Sat Dec 26 2020 02:53:46 GMT+0000 (Coordinated Universal Time) Access to index logged
Sat Dec 26 2020 02:54:14 GMT+0000 (Coordinated Universal Time) Access to index logged
Sat Dec 26 2020 02:54:26 GMT+0000 (Coordinated Universal Time) Access to index logged
Sat Dec 26 2020 02:56:55 GMT+0000 (Coordinated Universal Time) Access to index logged
Sat Dec 26 2020 02:57:41 GMT+0000 (Coordinated Universal Time) Access to index logged
Sat Dec 26 2020 03:00:26 GMT+0000 (Coordinated Universal Time) Access to index logged
Mon Dec 28 2020 04:40:12 GMT+0000 (Coordinated Universal Time) Access to index logged
Mon Dec 28 2020 04:43:28 GMT+0000 (Coordinated Universal Time) Access to index logged
Mon Dec 28 2020 04:51:50 GMT+0000 (Coordinated Universal Time) Access to index logged
Mon Dec 28 2020 09:37:42 GMT+0000 (Coordinated Universal Time) Access to index logged
Mon Dec 28 2020 09:38:53 GMT+0000 (Coordinated Universal Time) Access to index logged
Mon Dec 28 2020 09:51:23 GMT+0000 (Coordinated Universal Time) Access to index logged
Mon Dec 28 2020 09:56:53 GMT+0000 (Coordinated Universal Time) Access to index logged
Mon Dec 28 2020 10:06:54 GMT+0000 (Coordinated Universal Time) Access to index logged
Mon Dec 28 2020 10:08:28 GMT+0000 (Coordinated Universal Time) Access to index logged
Mon Dec 28 2020 10:10:33 GMT+0000 (Coordinated Universal Time) Access to index logged
Mon Dec 28 2020 10:13:13 GMT+0000 (Coordinated Universal Time) Access to index logged
Mon Dec 28 2020 10:15:03 GMT+0000 (Coordinated Universal Time) Access to index logged
Mon Dec 28 2020 10:18:49 GMT+0000 (Coordinated Universal Time) Access to index logged
Mon Dec 28 2020 10:20:50 GMT+0000 (Coordinated Universal Time) Access to index logged
Mon Dec 28 2020 10:26:39 GMT+0000 (Coordinated Universal Time) Access to index logged
Mon Dec 28 2020 10:28:52 GMT+0000 (Coordinated Universal Time) Access to index logged
Mon Dec 28 2020 10:31:34 GMT+0000 (Coordinated Universal Time) Access to index logged
Mon Dec 28 2020 10:31:35 GMT+0000 (Coordinated Universal Time) Access to index logged
Mon Dec 28 2020 10:33:54 GMT+0000 (Coordinated Universal Time) Access to index logged
Mon Dec 28 2020 10:43:32 GMT+0000 (Coordinated Universal Time) Access to index logged
Mon Dec 28 2020 10:46:21 GMT+0000 (Coordinated Universal Time) Access to index logged
Mon Dec 28 2020 11:50:15 GMT+0000 (Coordinated Universal Time) Access to index logged
Mon Dec 28 2020 11:50:49 GMT+0000 (Coordinated Universal Time) Access to index logged
Mon Dec 28 2020 11:51:02 GMT+0000 (Coordinated Universal Time) Access to index logged
Mon Dec 28 2020 11:51:32 GMT+0000 (Coordinated Universal Time) Access to processor logged
Mon Dec 28 2020 11:56:31 GMT+0000 (Coordinated Universal Time) Access to index logged
Mon Dec 28 2020 11:56:45 GMT+0000 (Coordinated Universal Time) Access to index logged
Mon Dec 28 2020 11:57:05 GMT+0000 (Coordinated Universal Time) Access to processor logged
Mon Dec 28 2020 11:58:19 GMT+0000 (Coordinated Universal Time) Access to index logged
Mon Dec 28 2020 12:00:57 GMT+0000 (Coordinated Universal Time) Access to index logged
Mon Dec 28 2020 12:04:36 GMT+0000 (Coordinated Universal Time) Access to index logged
Mon Dec 28 2020 12:06:22 GMT+0000 (Coordinated Universal Time) Access to index logged
Mon Dec 28 2020 12:06:33 GMT+0000 (Coordinated Universal Time) Access to processor logged
Mon Dec 28 2020 12:06:51 GMT+0000 (Coordinated Universal Time) Access to index logged
Mon Dec 28 2020 12:07:45 GMT+0000 (Coordinated Universal Time) Access to index logged
Mon Dec 28 2020 12:07:45 GMT+0000 (Coordinated Universal Time) Access to index logged
Mon Dec 28 2020 12:07:53 GMT+0000 (Coordinated Universal Time) Access to processor logged
Mon Dec 28 2020 12:09:08 GMT+0000 (Coordinated Universal Time) Access to index logged
Mon Dec 28 2020 12:10:08 GMT+0000 (Coordinated Universal Time) Access to index logged
Mon Dec 28 2020 12:10:08 GMT+0000 (Coordinated Universal Time) Access to index logged
Mon Dec 28 2020 12:10:08 GMT+0000 (Coordinated Universal Time) Access to index logged
Mon Dec 28 2020 12:10:08 GMT+0000 (Coordinated Universal Time) Access to index logged
Mon Dec 28 2020 12:10:23 GMT+0000 (Coordinated Universal Time) Access to index logged
Mon Dec 28 2020 12:53:59 GMT+0000 (Coordinated Universal Time) Access to index logged
Mon Dec 28 2020 12:54:06 GMT+0000 (Coordinated Universal Time) Access to index logged
Mon Dec 28 2020 12:54:38 GMT+0000 (Coordinated Universal Time) Access to processor logged
Mon Dec 28 2020 12:55:56 GMT+0000 (Coordinated Universal Time) Access to processor logged
Mon Dec 28 2020 12:56:46 GMT+0000 (Coordinated Universal Time) Access to index logged
Mon Dec 28 2020 12:56:51 GMT+0000 (Coordinated Universal Time) Access to index logged
Mon Dec 28 2020 12:58:19 GMT+0000 (Coordinated Universal Time) Access to index logged
Mon Dec 28 2020 12:58:19 GMT+0000 (Coordinated Universal Time) Access to index logged
Mon Dec 28 2020 13:02:44 GMT+0000 (Coordinated Universal Time) Access to index logged
Mon Dec 28 2020 13:12:12 GMT+0000 (Coordinated Universal Time) Access to index logged
Mon Dec 28 2020 13:17:11 GMT+0000 (Coordinated Universal Time) Access to index logged
Mon Dec 28 2020 13:20:00 GMT+0000 (Coordinated Universal Time) Access to index logged
Mon Dec 28 2020 13:29:03 GMT+0000 (Coordinated Universal Time) Access to index logged
Mon Dec 28 2020 13:29:53 GMT+0000 (Coordinated Universal Time) Access to index logged
Mon Dec 28 2020 13:30:17 GMT+0000 (Coordinated Universal Time) Access to processor logged
Mon Dec 28 2020 13:33:14 GMT+0000 (Coordinated Universal Time) Access to index logged
Mon Dec 28 2020 13:33:20 GMT+0000 (Coordinated Universal Time) Access to processor logged
Mon Dec 28 2020 13:33:40 GMT+0000 (Coordinated Universal Time) Access to index logged
Mon Dec 28 2020 13:33:46 GMT+0000 (Coordinated Universal Time) Access to index logged
Mon Dec 28 2020 13:37:49 GMT+0000 (Coordinated Universal Time) Access to index logged
Mon Dec 28 2020 13:39:00 GMT+0000 (Coordinated Universal Time) Access to index logged
Tue Dec 29 2020 18:40:39 GMT+0000 (Coordinated Universal Time) Access to index logged
Tue Dec 29 2020 18:52:53 GMT+0000 (Coordinated Universal Time) Access to index logged
Tue Dec 29 2020 19:08:12 GMT+0000 (Coordinated Universal Time) Access to index logged
Tue Dec 29 2020 19:09:16 GMT+0000 (Coordinated Universal Time) Access to index logged
Tue Dec 29 2020 19:13:22 GMT+0000 (Coordinated Universal Time) Access to index logged
Tue Dec 29 2020 19:14:57 GMT+0000 (Coordinated Universal Time) Access to index logged
Tue Dec 29 2020 19:16:26 GMT+0000 (Coordinated Universal Time) Access to processor logged
Tue Dec 29 2020 19:22:04 GMT+0000 (Coordinated Universal Time) Access to index logged
Tue Dec 29 2020 19:22:42 GMT+0000 (Coordinated Universal Time) Access to index logged
Tue Dec 29 2020 19:23:49 GMT+0000 (Coordinated Universal Time) Access to index logged
Tue Dec 29 2020 19:23:55 GMT+0000 (Coordinated Universal Time) Access to index logged
Tue Dec 29 2020 19:24:05 GMT+0000 (Coordinated Universal Time) Access to index logged
Tue Dec 29 2020 19:24:15 GMT+0000 (Coordinated Universal Time) Access to index logged
Tue Dec 29 2020 19:24:25 GMT+0000 (Coordinated Universal Time) Access to index logged
Tue Dec 29 2020 19:24:35 GMT+0000 (Coordinated Universal Time) Access to index logged
Tue Dec 29 2020 19:24:38 GMT+0000 (Coordinated Universal Time) Access to processor logged
Tue Dec 29 2020 19:26:20 GMT+0000 (Coordinated Universal Time) Access to index logged
Tue Dec 29 2020 19:26:29 GMT+0000 (Coordinated Universal Time) Access to index logged
Tue Dec 29 2020 19:26:40 GMT+0000 (Coordinated Universal Time) Access to index logged
Tue Dec 29 2020 19:28:42 GMT+0000 (Coordinated Universal Time) Access to index logged
Tue Dec 29 2020 19:28:44 GMT+0000 (Coordinated Universal Time) Access to index logged
Tue Dec 29 2020 19:28:52 GMT+0000 (Coordinated Universal Time) Access to index logged
Tue Dec 29 2020 19:29:02 GMT+0000 (Coordinated Universal Time) Access to index logged
Tue Dec 29 2020 19:29:12 GMT+0000 (Coordinated Universal Time) Access to index logged
Tue Dec 29 2020 19:29:22 GMT+0000 (Coordinated Universal Time) Access to index logged
Tue Dec 29 2020 19:29:32 GMT+0000 (Coordinated Universal Time) Access to index logged
Tue Dec 29 2020 19:29:47 GMT+0000 (Coordinated Universal Time) Access to index logged
Tue Dec 29 2020 19:29:57 GMT+0000 (Coordinated Universal Time) Access to index logged
Tue Dec 29 2020 19:30:07 GMT+0000 (Coordinated Universal Time) Access to index logged
Tue Dec 29 2020 19:30:17 GMT+0000 (Coordinated Universal Time) Access to index logged
Tue Dec 29 2020 19:30:27 GMT+0000 (Coordinated Universal Time) Access to index logged
Tue Dec 29 2020 19:30:27 GMT+0000 (Coordinated Universal Time) Access to index logged
Tue Dec 29 2020 19:30:37 GMT+0000 (Coordinated Universal Time) Access to index logged
Tue Dec 29 2020 19:30:47 GMT+0000 (Coordinated Universal Time) Access to index logged
Tue Dec 29 2020 19:30:57 GMT+0000 (Coordinated Universal Time) Access to index logged
Tue Dec 29 2020 19:31:07 GMT+0000 (Coordinated Universal Time) Access to index logged
Tue Dec 29 2020 19:31:17 GMT+0000 (Coordinated Universal Time) Access to index logged
Tue Dec 29 2020 19:31:27 GMT+0000 (Coordinated Universal Time) Access to index logged
Tue Dec 29 2020 19:31:37 GMT+0000 (Coordinated Universal Time) Access to index logged
Tue Dec 29 2020 19:31:47 GMT+0000 (Coordinated Universal Time) Access to index logged
Tue Dec 29 2020 19:31:57 GMT+0000 (Coordinated Universal Time) Access to index logged
Tue Dec 29 2020 19:32:07 GMT+0000 (Coordinated Universal Time) Access to index logged
Tue Dec 29 2020 19:32:17 GMT+0000 (Coordinated Universal Time) Access to index logged
Tue Dec 29 2020 19:32:27 GMT+0000 (Coordinated Universal Time) Access to index logged
Tue Dec 29 2020 19:32:37 GMT+0000 (Coordinated Universal Time) Access to index logged
Tue Dec 29 2020 19:32:39 GMT+0000 (Coordinated Universal Time) Access to index logged
Tue Dec 29 2020 19:32:47 GMT+0000 (Coordinated Universal Time) Access to index logged
Tue Dec 29 2020 19:32:57 GMT+0000 (Coordinated Universal Time) Access to index logged
Tue Dec 29 2020 19:33:21 GMT+0000 (Coordinated Universal Time) Access to processor logged
Tue Dec 29 2020 19:33:27 GMT+0000 (Coordinated Universal Time) Access to index logged
Tue Dec 29 2020 19:33:37 GMT+0000 (Coordinated Universal Time) Access to index logged
Tue Dec 29 2020 19:33:37 GMT+0000 (Coordinated Universal Time) Access to index logged
Tue Dec 29 2020 19:33:44 GMT+0000 (Coordinated Universal Time) Access to processor logged
Tue Dec 29 2020 19:33:47 GMT+0000 (Coordinated Universal Time) Access to index logged
Tue Dec 29 2020 19:33:57 GMT+0000 (Coordinated Universal Time) Access to index logged
Tue Dec 29 2020 19:34:07 GMT+0000 (Coordinated Universal Time) Access to index logged
Tue Dec 29 2020 19:34:17 GMT+0000 (Coordinated Universal Time) Access to index logged
Tue Dec 29 2020 19:34:27 GMT+0000 (Coordinated Universal Time) Access to index logged
Tue Dec 29 2020 19:34:37 GMT+0000 (Coordinated Universal Time) Access to index logged
Tue Dec 29 2020 19:34:52 GMT+0000 (Coordinated Universal Time) Access to index logged
Tue Dec 29 2020 19:35:02 GMT+0000 (Coordinated Universal Time) Access to index logged
Tue Dec 29 2020 19:35:12 GMT+0000 (Coordinated Universal Time) Access to index logged
Tue Dec 29 2020 19:35:22 GMT+0000 (Coordinated Universal Time) Access to index logged
Tue Dec 29 2020 19:35:32 GMT+0000 (Coordinated Universal Time) Access to index logged
Tue Dec 29 2020 19:35:40 GMT+0000 (Coordinated Universal Time) Access to index logged
Tue Dec 29 2020 19:35:42 GMT+0000 (Coordinated Universal Time) Access to index logged
Tue Dec 29 2020 19:35:52 GMT+0000 (Coordinated Universal Time) Access to index logged
Tue Dec 29 2020 19:36:02 GMT+0000 (Coordinated Universal Time) Access to index logged
Tue Dec 29 2020 19:36:12 GMT+0000 (Coordinated Universal Time) Access to index logged
Tue Dec 29 2020 19:36:22 GMT+0000 (Coordinated Universal Time) Access to index logged
Tue Dec 29 2020 19:36:32 GMT+0000 (Coordinated Universal Time) Access to index logged
Tue Dec 29 2020 19:36:42 GMT+0000 (Coordinated Universal Time) Access to index logged
Tue Dec 29 2020 19:36:52 GMT+0000 (Coordinated Universal Time) Access to index logged
Tue Dec 29 2020 19:37:02 GMT+0000 (Coordinated Universal Time) Access to index logged
Tue Dec 29 2020 19:37:12 GMT+0000 (Coordinated Universal Time) Access to index logged
Tue Dec 29 2020 19:37:22 GMT+0000 (Coordinated Universal Time) Access to index logged
Tue Dec 29 2020 19:37:32 GMT+0000 (Coordinated Universal Time) Access to index logged
Tue Dec 29 2020 19:37:42 GMT+0000 (Coordinated Universal Time) Access to index logged
Tue Dec 29 2020 19:37:52 GMT+0000 (Coordinated Universal Time) Access to index logged
Tue Dec 29 2020 19:38:02 GMT+0000 (Coordinated Universal Time) Access to index logged
Tue Dec 29 2020 19:38:03 GMT+0000 (Coordinated Universal Time) Access to index logged
Tue Dec 29 2020 19:38:04 GMT+0000 (Coordinated Universal Time) Access to index logged
Tue Dec 29 2020 19:38:12 GMT+0000 (Coordinated Universal Time) Access to index logged
Tue Dec 29 2020 19:38:22 GMT+0000 (Coordinated Universal Time) Access to index logged
Tue Dec 29 2020 19:38:32 GMT+0000 (Coordinated Universal Time) Access to index logged
Tue Dec 29 2020 19:38:42 GMT+0000 (Coordinated Universal Time) Access to index logged
Tue Dec 29 2020 19:38:52 GMT+0000 (Coordinated Universal Time) Access to index logged
Tue Dec 29 2020 19:39:02 GMT+0000 (Coordinated Universal Time) Access to index logged
Tue Dec 29 2020 19:39:12 GMT+0000 (Coordinated Universal Time) Access to index logged
Tue Dec 29 2020 19:39:28 GMT+0000 (Coordinated Universal Time) Access to index logged
Tue Dec 29 2020 19:39:38 GMT+0000 (Coordinated Universal Time) Access to index logged
Tue Dec 29 2020 19:39:48 GMT+0000 (Coordinated Universal Time) Access to index logged
Tue Dec 29 2020 19:39:58 GMT+0000 (Coordinated Universal Time) Access to index logged
Tue Dec 29 2020 19:40:08 GMT+0000 (Coordinated Universal Time) Access to index logged
Tue Dec 29 2020 19:40:16 GMT+0000 (Coordinated Universal Time) Access to index logged
Tue Dec 29 2020 19:40:18 GMT+0000 (Coordinated Universal Time) Access to index logged
Tue Dec 29 2020 19:40:28 GMT+0000 (Coordinated Universal Time) Access to index logged
Tue Dec 29 2020 19:40:38 GMT+0000 (Coordinated Universal Time) Access to index logged
Tue Dec 29 2020 19:40:48 GMT+0000 (Coordinated Universal Time) Access to index logged
Tue Dec 29 2020 19:40:58 GMT+0000 (Coordinated Universal Time) Access to index logged
Tue Dec 29 2020 19:41:08 GMT+0000 (Coordinated Universal Time) Access to index logged
Tue Dec 29 2020 19:41:18 GMT+0000 (Coordinated Universal Time) Access to index logged
Tue Dec 29 2020 19:41:35 GMT+0000 (Coordinated Universal Time) Access to index logged
Tue Dec 29 2020 19:41:45 GMT+0000 (Coordinated Universal Time) Access to index logged
Tue Dec 29 2020 19:41:55 GMT+0000 (Coordinated Universal Time) Access to index logged
Tue Dec 29 2020 19:42:05 GMT+0000 (Coordinated Universal Time) Access to index logged
Tue Dec 29 2020 19:42:15 GMT+0000 (Coordinated Universal Time) Access to index logged
Tue Dec 29 2020 19:42:23 GMT+0000 (Coordinated Universal Time) Access to index logged
Tue Dec 29 2020 19:42:25 GMT+0000 (Coordinated Universal Time) Access to index logged
Tue Dec 29 2020 19:42:35 GMT+0000 (Coordinated Universal Time) Access to index logged
Tue Dec 29 2020 19:42:45 GMT+0000 (Coordinated Universal Time) Access to index logged
Tue Dec 29 2020 19:42:55 GMT+0000 (Coordinated Universal Time) Access to index logged
Tue Dec 29 2020 19:43:05 GMT+0000 (Coordinated Universal Time) Access to index logged
Tue Dec 29 2020 19:43:10 GMT+0000 (Coordinated Universal Time) Access to index logged
Tue Dec 29 2020 19:43:15 GMT+0000 (Coordinated Universal Time) Access to index logged
Tue Dec 29 2020 19:43:25 GMT+0000 (Coordinated Universal Time) Access to index logged
Tue Dec 29 2020 19:43:35 GMT+0000 (Coordinated Universal Time) Access to index logged
Tue Dec 29 2020 19:43:45 GMT+0000 (Coordinated Universal Time) Access to index logged
Tue Dec 29 2020 19:43:55 GMT+0000 (Coordinated Universal Time) Access to index logged
Tue Dec 29 2020 19:44:06 GMT+0000 (Coordinated Universal Time) Access to index logged
Tue Dec 29 2020 19:44:15 GMT+0000 (Coordinated Universal Time) Access to index logged
Tue Dec 29 2020 19:44:25 GMT+0000 (Coordinated Universal Time) Access to index logged
Tue Dec 29 2020 19:44:35 GMT+0000 (Coordinated Universal Time) Access to index logged
Tue Dec 29 2020 19:44:45 GMT+0000 (Coordinated Universal Time) Access to index logged
Tue Dec 29 2020 19:44:55 GMT+0000 (Coordinated Universal Time) Access to index logged
Tue Dec 29 2020 19:45:05 GMT+0000 (Coordinated Universal Time) Access to index logged
Tue Dec 29 2020 19:45:15 GMT+0000 (Coordinated Universal Time) Access to index logged
Tue Dec 29 2020 19:45:25 GMT+0000 (Coordinated Universal Time) Access to index logged
Tue Dec 29 2020 19:45:35 GMT+0000 (Coordinated Universal Time) Access to index logged
Tue Dec 29 2020 19:45:45 GMT+0000 (Coordinated Universal Time) Access to index logged
Tue Dec 29 2020 19:45:55 GMT+0000 (Coordinated Universal Time) Access to index logged
Tue Dec 29 2020 19:46:05 GMT+0000 (Coordinated Universal Time) Access to index logged
Tue Dec 29 2020 19:46:15 GMT+0000 (Coordinated Universal Time) Access to index logged
Tue Dec 29 2020 19:46:25 GMT+0000 (Coordinated Universal Time) Access to index logged
Tue Dec 29 2020 19:46:35 GMT+0000 (Coordinated Universal Time) Access to index logged
Tue Dec 29 2020 19:46:45 GMT+0000 (Coordinated Universal Time) Access to index logged
Tue Dec 29 2020 19:46:55 GMT+0000 (Coordinated Universal Time) Access to index logged
Tue Dec 29 2020 19:47:06 GMT+0000 (Coordinated Universal Time) Access to index logged
Tue Dec 29 2020 19:47:15 GMT+0000 (Coordinated Universal Time) Access to index logged
Tue Dec 29 2020 19:47:25 GMT+0000 (Coordinated Universal Time) Access to index logged
Tue Dec 29 2020 19:47:36 GMT+0000 (Coordinated Universal Time) Access to index logged
Tue Dec 29 2020 19:47:45 GMT+0000 (Coordinated Universal Time) Access to index logged
Tue Dec 29 2020 19:47:56 GMT+0000 (Coordinated Universal Time) Access to index logged
Tue Dec 29 2020 19:48:06 GMT+0000 (Coordinated Universal Time) Access to index logged
Tue Dec 29 2020 19:48:16 GMT+0000 (Coordinated Universal Time) Access to index logged
Tue Dec 29 2020 19:48:25 GMT+0000 (Coordinated Universal Time) Access to index logged
Tue Dec 29 2020 19:48:36 GMT+0000 (Coordinated Universal Time) Access to index logged
Tue Dec 29 2020 19:48:46 GMT+0000 (Coordinated Universal Time) Access to index logged
Tue Dec 29 2020 19:48:56 GMT+0000 (Coordinated Universal Time) Access to index logged
Tue Dec 29 2020 19:49:06 GMT+0000 (Coordinated Universal Time) Access to index logged
Tue Dec 29 2020 19:49:17 GMT+0000 (Coordinated Universal Time) Access to index logged
Tue Dec 29 2020 19:49:26 GMT+0000 (Coordinated Universal Time) Access to index logged
Tue Dec 29 2020 19:49:36 GMT+0000 (Coordinated Universal Time) Access to index logged
Tue Dec 29 2020 19:49:46 GMT+0000 (Coordinated Universal Time) Access to index logged
Tue Dec 29 2020 19:49:56 GMT+0000 (Coordinated Universal Time) Access to index logged
Tue Dec 29 2020 19:50:06 GMT+0000 (Coordinated Universal Time) Access to index logged
Tue Dec 29 2020 19:50:16 GMT+0000 (Coordinated Universal Time) Access to index logged
Tue Dec 29 2020 19:50:26 GMT+0000 (Coordinated Universal Time) Access to index logged
Tue Dec 29 2020 19:50:36 GMT+0000 (Coordinated Universal Time) Access to index logged
Tue Dec 29 2020 19:50:46 GMT+0000 (Coordinated Universal Time) Access to index logged
Tue Dec 29 2020 19:50:56 GMT+0000 (Coordinated Universal Time) Access to index logged
Tue Dec 29 2020 19:51:06 GMT+0000 (Coordinated Universal Time) Access to index logged
Tue Dec 29 2020 19:51:16 GMT+0000 (Coordinated Universal Time) Access to index logged
Tue Dec 29 2020 19:51:26 GMT+0000 (Coordinated Universal Time) Access to index logged
Tue Dec 29 2020 19:51:36 GMT+0000 (Coordinated Universal Time) Access to index logged
Tue Dec 29 2020 19:51:46 GMT+0000 (Coordinated Universal Time) Access to index logged
Tue Dec 29 2020 19:51:56 GMT+0000 (Coordinated Universal Time) Access to index logged
Tue Dec 29 2020 19:52:06 GMT+0000 (Coordinated Universal Time) Access to index logged
Tue Dec 29 2020 19:52:16 GMT+0000 (Coordinated Universal Time) Access to index logged
Tue Dec 29 2020 19:52:26 GMT+0000 (Coordinated Universal Time) Access to index logged
Tue Dec 29 2020 19:52:36 GMT+0000 (Coordinated Universal Time) Access to index logged
Tue Dec 29 2020 19:52:46 GMT+0000 (Coordinated Universal Time) Access to index logged
Tue Dec 29 2020 19:52:56 GMT+0000 (Coordinated Universal Time) Access to index logged
Tue Dec 29 2020 19:53:06 GMT+0000 (Coordinated Universal Time) Access to index logged
Tue Dec 29 2020 19:53:16 GMT+0000 (Coordinated Universal Time) Access to index logged
Tue Dec 29 2020 19:53:26 GMT+0000 (Coordinated Universal Time) Access to index logged
Tue Dec 29 2020 19:53:36 GMT+0000 (Coordinated Universal Time) Access to index logged
Tue Dec 29 2020 19:53:46 GMT+0000 (Coordinated Universal Time) Access to index logged
Tue Dec 29 2020 19:53:56 GMT+0000 (Coordinated Universal Time) Access to index logged
Tue Dec 29 2020 19:54:06 GMT+0000 (Coordinated Universal Time) Access to index logged
Tue Dec 29 2020 19:54:16 GMT+0000 (Coordinated Universal Time) Access to index logged
Tue Dec 29 2020 19:54:26 GMT+0000 (Coordinated Universal Time) Access to index logged
Tue Dec 29 2020 19:54:36 GMT+0000 (Coordinated Universal Time) Access to index logged
Tue Dec 29 2020 19:54:46 GMT+0000 (Coordinated Universal Time) Access to index logged
Tue Dec 29 2020 19:54:56 GMT+0000 (Coordinated Universal Time) Access to index logged
Tue Dec 29 2020 19:55:06 GMT+0000 (Coordinated Universal Time) Access to index logged
Tue Dec 29 2020 19:55:16 GMT+0000 (Coordinated Universal Time) Access to index logged
Tue Dec 29 2020 19:55:26 GMT+0000 (Coordinated Universal Time) Access to index logged
Tue Dec 29 2020 19:55:36 GMT+0000 (Coordinated Universal Time) Access to index logged
Tue Dec 29 2020 19:55:46 GMT+0000 (Coordinated Universal Time) Access to index logged
Tue Dec 29 2020 19:55:56 GMT+0000 (Coordinated Universal Time) Access to index logged
Tue Dec 29 2020 19:56:06 GMT+0000 (Coordinated Universal Time) Access to index logged
Tue Dec 29 2020 19:56:16 GMT+0000 (Coordinated Universal Time) Access to index logged
Tue Dec 29 2020 19:56:26 GMT+0000 (Coordinated Universal Time) Access to index logged
Tue Dec 29 2020 19:56:36 GMT+0000 (Coordinated Universal Time) Access to index logged
Tue Dec 29 2020 19:56:46 GMT+0000 (Coordinated Universal Time) Access to index logged
Tue Dec 29 2020 19:56:56 GMT+0000 (Coordinated Universal Time) Access to index logged
Tue Dec 29 2020 19:57:06 GMT+0000 (Coordinated Universal Time) Access to index logged
Tue Dec 29 2020 19:57:16 GMT+0000 (Coordinated Universal Time) Access to index logged
Tue Dec 29 2020 19:57:26 GMT+0000 (Coordinated Universal Time) Access to index logged
Tue Dec 29 2020 19:57:36 GMT+0000 (Coordinated Universal Time) Access to index logged
Tue Dec 29 2020 19:57:46 GMT+0000 (Coordinated Universal Time) Access to index logged
Tue Dec 29 2020 19:57:56 GMT+0000 (Coordinated Universal Time) Access to index logged
Tue Dec 29 2020 19:58:06 GMT+0000 (Coordinated Universal Time) Access to index logged
Tue Dec 29 2020 19:58:16 GMT+0000 (Coordinated Universal Time) Access to index logged
Tue Dec 29 2020 19:58:26 GMT+0000 (Coordinated Universal Time) Access to index logged
Tue Dec 29 2020 19:58:36 GMT+0000 (Coordinated Universal Time) Access to index logged
Tue Dec 29 2020 19:58:46 GMT+0000 (Coordinated Universal Time) Access to index logged
Tue Dec 29 2020 19:58:56 GMT+0000 (Coordinated Universal Time) Access to index logged
Tue Dec 29 2020 19:59:06 GMT+0000 (Coordinated Universal Time) Access to index logged
Tue Dec 29 2020 19:59:16 GMT+0000 (Coordinated Universal Time) Access to index logged
Tue Dec 29 2020 19:59:26 GMT+0000 (Coordinated Universal Time) Access to index logged
Tue Dec 29 2020 19:59:36 GMT+0000 (Coordinated Universal Time) Access to index logged
Tue Dec 29 2020 19:59:46 GMT+0000 (Coordinated Universal Time) Access to index logged
Tue Dec 29 2020 19:59:58 GMT+0000 (Coordinated Universal Time) Access to index logged
Tue Dec 29 2020 20:00:06 GMT+0000 (Coordinated Universal Time) Access to index logged
Tue Dec 29 2020 20:00:16 GMT+0000 (Coordinated Universal Time) Access to index logged
Tue Dec 29 2020 22:11:23 GMT+0000 (Coordinated Universal Time) Access to index logged
Tue Dec 29 2020 22:11:23 GMT+0000 (Coordinated Universal Time) Access to index logged
Tue Dec 29 2020 22:11:33 GMT+0000 (Coordinated Universal Time) Access to index logged
Tue Dec 29 2020 22:11:43 GMT+0000 (Coordinated Universal Time) Access to index logged
Tue Dec 29 2020 22:11:53 GMT+0000 (Coordinated Universal Time) Access to index logged
Tue Dec 29 2020 22:12:03 GMT+0000 (Coordinated Universal Time) Access to index logged
Tue Dec 29 2020 22:12:13 GMT+0000 (Coordinated Universal Time) Access to index logged
Tue Dec 29 2020 22:12:23 GMT+0000 (Coordinated Universal Time) Access to index logged
Tue Dec 29 2020 22:12:33 GMT+0000 (Coordinated Universal Time) Access to index logged
Tue Dec 29 2020 22:12:43 GMT+0000 (Coordinated Universal Time) Access to index logged
Tue Dec 29 2020 22:12:53 GMT+0000 (Coordinated Universal Time) Access to index logged
Tue Dec 29 2020 22:13:03 GMT+0000 (Coordinated Universal Time) Access to index logged
Tue Dec 29 2020 22:13:13 GMT+0000 (Coordinated Universal Time) Access to index logged
Tue Dec 29 2020 22:13:23 GMT+0000 (Coordinated Universal Time) Access to index logged
Tue Dec 29 2020 22:13:33 GMT+0000 (Coordinated Universal Time) Access to index logged
Tue Dec 29 2020 22:13:43 GMT+0000 (Coordinated Universal Time) Access to index logged
Tue Dec 29 2020 22:13:53 GMT+0000 (Coordinated Universal Time) Access to index logged
Tue Dec 29 2020 22:14:03 GMT+0000 (Coordinated Universal Time) Access to index logged
Tue Dec 29 2020 22:14:13 GMT+0000 (Coordinated Universal Time) Access to index logged
Tue Dec 29 2020 22:14:23 GMT+0000 (Coordinated Universal Time) Access to index logged
Tue Dec 29 2020 22:14:33 GMT+0000 (Coordinated Universal Time) Access to index logged
Tue Dec 29 2020 22:14:43 GMT+0000 (Coordinated Universal Time) Access to index logged
Tue Dec 29 2020 22:14:53 GMT+0000 (Coordinated Universal Time) Access to index logged
Tue Dec 29 2020 22:15:03 GMT+0000 (Coordinated Universal Time) Access to index logged
Tue Dec 29 2020 22:15:13 GMT+0000 (Coordinated Universal Time) Access to index logged
Tue Dec 29 2020 22:15:23 GMT+0000 (Coordinated Universal Time) Access to index logged
Tue Dec 29 2020 22:15:33 GMT+0000 (Coordinated Universal Time) Access to index logged
Tue Dec 29 2020 22:15:43 GMT+0000 (Coordinated Universal Time) Access to index logged
Tue Dec 29 2020 22:15:53 GMT+0000 (Coordinated Universal Time) Access to index logged
Tue Dec 29 2020 22:16:03 GMT+0000 (Coordinated Universal Time) Access to index logged
Tue Dec 29 2020 22:16:13 GMT+0000 (Coordinated Universal Time) Access to index logged
Tue Dec 29 2020 22:16:23 GMT+0000 (Coordinated Universal Time) Access to index logged
Tue Dec 29 2020 22:16:33 GMT+0000 (Coordinated Universal Time) Access to index logged
Tue Dec 29 2020 22:16:43 GMT+0000 (Coordinated Universal Time) Access to index logged
Tue Dec 29 2020 22:16:53 GMT+0000 (Coordinated Universal Time) Access to index logged
Tue Dec 29 2020 22:17:03 GMT+0000 (Coordinated Universal Time) Access to index logged
Tue Dec 29 2020 22:17:13 GMT+0000 (Coordinated Universal Time) Access to index logged
Tue Dec 29 2020 22:17:23 GMT+0000 (Coordinated Universal Time) Access to index logged
Tue Dec 29 2020 22:17:33 GMT+0000 (Coordinated Universal Time) Access to index logged
Tue Dec 29 2020 22:17:43 GMT+0000 (Coordinated Universal Time) Access to index logged
Tue Dec 29 2020 22:17:53 GMT+0000 (Coordinated Universal Time) Access to index logged
Tue Dec 29 2020 22:18:03 GMT+0000 (Coordinated Universal Time) Access to index logged
Tue Dec 29 2020 22:18:13 GMT+0000 (Coordinated Universal Time) Access to index logged
Tue Dec 29 2020 22:18:23 GMT+0000 (Coordinated Universal Time) Access to index logged
Tue Dec 29 2020 22:18:33 GMT+0000 (Coordinated Universal Time) Access to index logged
Tue Dec 29 2020 22:18:43 GMT+0000 (Coordinated Universal Time) Access to index logged
Tue Dec 29 2020 22:18:53 GMT+0000 (Coordinated Universal Time) Access to index logged
Tue Dec 29 2020 22:19:03 GMT+0000 (Coordinated Universal Time) Access to index logged
Tue Dec 29 2020 22:19:23 GMT+0000 (Coordinated Universal Time) Access to index logged
Tue Dec 29 2020 22:19:33 GMT+0000 (Coordinated Universal Time) Access to index logged
Tue Dec 29 2020 22:19:43 GMT+0000 (Coordinated Universal Time) Access to index logged
Tue Dec 29 2020 22:19:53 GMT+0000 (Coordinated Universal Time) Access to index logged
Tue Dec 29 2020 22:20:03 GMT+0000 (Coordinated Universal Time) Access to index logged
Tue Dec 29 2020 22:20:13 GMT+0000 (Coordinated Universal Time) Access to index logged
Tue Dec 29 2020 22:20:23 GMT+0000 (Coordinated Universal Time) Access to index logged
Tue Dec 29 2020 22:20:33 GMT+0000 (Coordinated Universal Time) Access to index logged
Tue Dec 29 2020 22:20:43 GMT+0000 (Coordinated Universal Time) Access to index logged
Tue Dec 29 2020 22:20:53 GMT+0000 (Coordinated Universal Time) Access to index logged
Tue Dec 29 2020 22:21:02 GMT+0000 (Coordinated Universal Time) Access to index logged
Tue Dec 29 2020 22:21:03 GMT+0000 (Coordinated Universal Time) Access to index logged
Tue Dec 29 2020 22:21:13 GMT+0000 (Coordinated Universal Time) Access to index logged
Tue Dec 29 2020 22:21:23 GMT+0000 (Coordinated Universal Time) Access to index logged
Tue Dec 29 2020 22:21:33 GMT+0000 (Coordinated Universal Time) Access to index logged
Tue Dec 29 2020 22:21:43 GMT+0000 (Coordinated Universal Time) Access to index logged
Tue Dec 29 2020 22:21:53 GMT+0000 (Coordinated Universal Time) Access to index logged
Tue Dec 29 2020 22:22:03 GMT+0000 (Coordinated Universal Time) Access to index logged
Tue Dec 29 2020 22:22:13 GMT+0000 (Coordinated Universal Time) Access to index logged
Tue Dec 29 2020 22:22:23 GMT+0000 (Coordinated Universal Time) Access to index logged
Tue Dec 29 2020 22:22:33 GMT+0000 (Coordinated Universal Time) Access to index logged
Tue Dec 29 2020 22:22:43 GMT+0000 (Coordinated Universal Time) Access to index logged
Tue Dec 29 2020 22:22:53 GMT+0000 (Coordinated Universal Time) Access to index logged
Tue Dec 29 2020 22:23:03 GMT+0000 (Coordinated Universal Time) Access to index logged
Tue Dec 29 2020 22:23:14 GMT+0000 (Coordinated Universal Time) Access to index logged
Tue Dec 29 2020 22:23:23 GMT+0000 (Coordinated Universal Time) Access to index logged
Tue Dec 29 2020 22:23:33 GMT+0000 (Coordinated Universal Time) Access to index logged
Tue Dec 29 2020 22:23:43 GMT+0000 (Coordinated Universal Time) Access to index logged
Tue Dec 29 2020 22:23:53 GMT+0000 (Coordinated Universal Time) Access to index logged
Tue Dec 29 2020 22:24:03 GMT+0000 (Coordinated Universal Time) Access to index logged
Tue Dec 29 2020 22:24:13 GMT+0000 (Coordinated Universal Time) Access to index logged
Tue Dec 29 2020 22:24:23 GMT+0000 (Coordinated Universal Time) Access to index logged
Tue Dec 29 2020 22:24:33 GMT+0000 (Coordinated Universal Time) Access to index logged
Tue Dec 29 2020 22:24:43 GMT+0000 (Coordinated Universal Time) Access to index logged
Tue Dec 29 2020 22:24:53 GMT+0000 (Coordinated Universal Time) Access to index logged
Tue Dec 29 2020 22:25:03 GMT+0000 (Coordinated Universal Time) Access to index logged
Tue Dec 29 2020 22:25:13 GMT+0000 (Coordinated Universal Time) Access to index logged
Tue Dec 29 2020 22:25:23 GMT+0000 (Coordinated Universal Time) Access to index logged
Tue Dec 29 2020 22:25:33 GMT+0000 (Coordinated Universal Time) Access to index logged
Tue Dec 29 2020 22:25:43 GMT+0000 (Coordinated Universal Time) Access to index logged
Tue Dec 29 2020 22:25:53 GMT+0000 (Coordinated Universal Time) Access to index logged
Tue Dec 29 2020 22:26:03 GMT+0000 (Coordinated Universal Time) Access to index logged
Tue Dec 29 2020 22:26:13 GMT+0000 (Coordinated Universal Time) Access to index logged
Tue Dec 29 2020 22:26:23 GMT+0000 (Coordinated Universal Time) Access to index logged
Tue Dec 29 2020 22:26:33 GMT+0000 (Coordinated Universal Time) Access to index logged
Tue Dec 29 2020 22:26:43 GMT+0000 (Coordinated Universal Time) Access to index logged
Tue Dec 29 2020 22:26:53 GMT+0000 (Coordinated Universal Time) Access to index logged
Tue Dec 29 2020 22:27:03 GMT+0000 (Coordinated Universal Time) Access to index logged
Tue Dec 29 2020 22:27:13 GMT+0000 (Coordinated Universal Time) Access to index logged
Tue Dec 29 2020 22:27:23 GMT+0000 (Coordinated Universal Time) Access to index logged
Tue Dec 29 2020 22:27:33 GMT+0000 (Coordinated Universal Time) Access to index logged
Tue Dec 29 2020 22:27:43 GMT+0000 (Coordinated Universal Time) Access to index logged
Tue Dec 29 2020 22:27:53 GMT+0000 (Coordinated Universal Time) Access to index logged
Tue Dec 29 2020 22:28:03 GMT+0000 (Coordinated Universal Time) Access to index logged
Tue Dec 29 2020 22:28:13 GMT+0000 (Coordinated Universal Time) Access to index logged
Tue Dec 29 2020 22:28:23 GMT+0000 (Coordinated Universal Time) Access to index logged
Tue Dec 29 2020 22:28:33 GMT+0000 (Coordinated Universal Time) Access to index logged
Tue Dec 29 2020 22:28:43 GMT+0000 (Coordinated Universal Time) Access to index logged
Tue Dec 29 2020 22:28:53 GMT+0000 (Coordinated Universal Time) Access to index logged
Tue Dec 29 2020 22:29:03 GMT+0000 (Coordinated Universal Time) Access to index logged
Tue Dec 29 2020 22:29:13 GMT+0000 (Coordinated Universal Time) Access to index logged
Tue Dec 29 2020 22:29:23 GMT+0000 (Coordinated Universal Time) Access to index logged
Tue Dec 29 2020 22:29:34 GMT+0000 (Coordinated Universal Time) Access to index logged
Tue Dec 29 2020 22:29:43 GMT+0000 (Coordinated Universal Time) Access to index logged
Tue Dec 29 2020 22:29:53 GMT+0000 (Coordinated Universal Time) Access to index logged
Tue Dec 29 2020 22:30:03 GMT+0000 (Coordinated Universal Time) Access to index logged
Tue Dec 29 2020 22:30:13 GMT+0000 (Coordinated Universal Time) Access to index logged
Tue Dec 29 2020 22:30:23 GMT+0000 (Coordinated Universal Time) Access to index logged
Tue Dec 29 2020 22:30:33 GMT+0000 (Coordinated Universal Time) Access to index logged
Tue Dec 29 2020 22:30:43 GMT+0000 (Coordinated Universal Time) Access to index logged
Tue Dec 29 2020 22:30:53 GMT+0000 (Coordinated Universal Time) Access to index logged
Tue Dec 29 2020 22:31:03 GMT+0000 (Coordinated Universal Time) Access to index logged
Tue Dec 29 2020 22:31:13 GMT+0000 (Coordinated Universal Time) Access to index logged
Tue Dec 29 2020 22:31:23 GMT+0000 (Coordinated Universal Time) Access to index logged
Tue Dec 29 2020 22:31:33 GMT+0000 (Coordinated Universal Time) Access to index logged
Tue Dec 29 2020 22:31:43 GMT+0000 (Coordinated Universal Time) Access to index logged
Tue Dec 29 2020 22:31:53 GMT+0000 (Coordinated Universal Time) Access to index logged
Tue Dec 29 2020 22:32:03 GMT+0000 (Coordinated Universal Time) Access to index logged
Tue Dec 29 2020 22:32:13 GMT+0000 (Coordinated Universal Time) Access to index logged
Tue Dec 29 2020 22:32:23 GMT+0000 (Coordinated Universal Time) Access to index logged
Tue Dec 29 2020 22:32:33 GMT+0000 (Coordinated Universal Time) Access to index logged
Tue Dec 29 2020 22:32:43 GMT+0000 (Coordinated Universal Time) Access to index logged
Tue Dec 29 2020 22:32:53 GMT+0000 (Coordinated Universal Time) Access to index logged
Tue Dec 29 2020 22:33:03 GMT+0000 (Coordinated Universal Time) Access to index logged
Tue Dec 29 2020 22:33:13 GMT+0000 (Coordinated Universal Time) Access to index logged
Tue Dec 29 2020 22:33:24 GMT+0000 (Coordinated Universal Time) Access to index logged
Tue Dec 29 2020 22:33:33 GMT+0000 (Coordinated Universal Time) Access to index logged
Tue Dec 29 2020 22:33:43 GMT+0000 (Coordinated Universal Time) Access to index logged
Tue Dec 29 2020 22:33:53 GMT+0000 (Coordinated Universal Time) Access to index logged
Tue Dec 29 2020 22:34:03 GMT+0000 (Coordinated Universal Time) Access to index logged
Tue Dec 29 2020 22:34:13 GMT+0000 (Coordinated Universal Time) Access to index logged
Tue Dec 29 2020 22:34:23 GMT+0000 (Coordinated Universal Time) Access to index logged
Tue Dec 29 2020 22:34:33 GMT+0000 (Coordinated Universal Time) Access to index logged
Tue Dec 29 2020 22:34:43 GMT+0000 (Coordinated Universal Time) Access to index logged
Tue Dec 29 2020 22:34:53 GMT+0000 (Coordinated Universal Time) Access to index logged
Tue Dec 29 2020 22:35:03 GMT+0000 (Coordinated Universal Time) Access to index logged
Tue Dec 29 2020 22:35:13 GMT+0000 (Coordinated Universal Time) Access to index logged
Tue Dec 29 2020 22:35:23 GMT+0000 (Coordinated Universal Time) Access to index logged
Tue Dec 29 2020 22:35:34 GMT+0000 (Coordinated Universal Time) Access to index logged
Tue Dec 29 2020 22:35:43 GMT+0000 (Coordinated Universal Time) Access to index logged
Tue Dec 29 2020 22:35:53 GMT+0000 (Coordinated Universal Time) Access to index logged
Tue Dec 29 2020 22:36:03 GMT+0000 (Coordinated Universal Time) Access to index logged
Tue Dec 29 2020 22:36:14 GMT+0000 (Coordinated Universal Time) Access to index logged
Tue Dec 29 2020 22:36:23 GMT+0000 (Coordinated Universal Time) Access to index logged
Tue Dec 29 2020 22:36:33 GMT+0000 (Coordinated Universal Time) Access to index logged
Tue Dec 29 2020 22:36:43 GMT+0000 (Coordinated Universal Time) Access to index logged
Tue Dec 29 2020 22:36:53 GMT+0000 (Coordinated Universal Time) Access to index logged
Tue Dec 29 2020 22:37:04 GMT+0000 (Coordinated Universal Time) Access to index logged
Tue Dec 29 2020 22:37:14 GMT+0000 (Coordinated Universal Time) Access to index logged
Tue Dec 29 2020 22:37:24 GMT+0000 (Coordinated Universal Time) Access to index logged
Tue Dec 29 2020 22:37:33 GMT+0000 (Coordinated Universal Time) Access to index logged
Tue Dec 29 2020 22:37:44 GMT+0000 (Coordinated Universal Time) Access to index logged
Tue Dec 29 2020 22:37:54 GMT+0000 (Coordinated Universal Time) Access to index logged
Tue Dec 29 2020 22:38:03 GMT+0000 (Coordinated Universal Time) Access to index logged
Tue Dec 29 2020 22:38:14 GMT+0000 (Coordinated Universal Time) Access to index logged
Tue Dec 29 2020 22:38:24 GMT+0000 (Coordinated Universal Time) Access to index logged
Tue Dec 29 2020 22:38:34 GMT+0000 (Coordinated Universal Time) Access to index logged
Tue Dec 29 2020 22:38:44 GMT+0000 (Coordinated Universal Time) Access to index logged
Tue Dec 29 2020 22:38:54 GMT+0000 (Coordinated Universal Time) Access to index logged
Tue Dec 29 2020 22:39:04 GMT+0000 (Coordinated Universal Time) Access to index logged
Tue Dec 29 2020 22:39:14 GMT+0000 (Coordinated Universal Time) Access to index logged
Tue Dec 29 2020 22:39:24 GMT+0000 (Coordinated Universal Time) Access to index logged
Tue Dec 29 2020 22:39:34 GMT+0000 (Coordinated Universal Time) Access to index logged
Tue Dec 29 2020 22:39:44 GMT+0000 (Coordinated Universal Time) Access to index logged
Tue Dec 29 2020 22:39:54 GMT+0000 (Coordinated Universal Time) Access to index logged
Tue Dec 29 2020 22:40:04 GMT+0000 (Coordinated Universal Time) Access to index logged
Tue Dec 29 2020 22:40:14 GMT+0000 (Coordinated Universal Time) Access to index logged
Tue Dec 29 2020 22:40:24 GMT+0000 (Coordinated Universal Time) Access to index logged
Tue Dec 29 2020 22:40:34 GMT+0000 (Coordinated Universal Time) Access to index logged
Tue Dec 29 2020 22:40:44 GMT+0000 (Coordinated Universal Time) Access to index logged
Tue Dec 29 2020 22:40:54 GMT+0000 (Coordinated Universal Time) Access to index logged
Tue Dec 29 2020 22:41:04 GMT+0000 (Coordinated Universal Time) Access to index logged
Tue Dec 29 2020 22:41:14 GMT+0000 (Coordinated Universal Time) Access to index logged
Tue Dec 29 2020 22:41:24 GMT+0000 (Coordinated Universal Time) Access to index logged
Tue Dec 29 2020 22:41:34 GMT+0000 (Coordinated Universal Time) Access to index logged
Tue Dec 29 2020 22:41:44 GMT+0000 (Coordinated Universal Time) Access to index logged
Tue Dec 29 2020 22:41:54 GMT+0000 (Coordinated Universal Time) Access to index logged
Tue Dec 29 2020 22:42:04 GMT+0000 (Coordinated Universal Time) Access to index logged
Tue Dec 29 2020 22:42:14 GMT+0000 (Coordinated Universal Time) Access to index logged
Tue Dec 29 2020 22:42:24 GMT+0000 (Coordinated Universal Time) Access to index logged
Tue Dec 29 2020 22:42:34 GMT+0000 (Coordinated Universal Time) Access to index logged
Tue Dec 29 2020 22:42:44 GMT+0000 (Coordinated Universal Time) Access to index logged
Tue Dec 29 2020 22:42:54 GMT+0000 (Coordinated Universal Time) Access to index logged
Tue Dec 29 2020 22:43:04 GMT+0000 (Coordinated Universal Time) Access to index logged
Tue Dec 29 2020 22:43:14 GMT+0000 (Coordinated Universal Time) Access to index logged
Tue Dec 29 2020 22:43:24 GMT+0000 (Coordinated Universal Time) Access to index logged
Tue Dec 29 2020 22:43:34 GMT+0000 (Coordinated Universal Time) Access to index logged
Tue Dec 29 2020 22:43:44 GMT+0000 (Coordinated Universal Time) Access to index logged
Tue Dec 29 2020 22:43:54 GMT+0000 (Coordinated Universal Time) Access to index logged
Tue Dec 29 2020 22:44:04 GMT+0000 (Coordinated Universal Time) Access to index logged
Tue Dec 29 2020 22:44:14 GMT+0000 (Coordinated Universal Time) Access to index logged
Tue Dec 29 2020 22:44:24 GMT+0000 (Coordinated Universal Time) Access to index logged
Tue Dec 29 2020 22:44:34 GMT+0000 (Coordinated Universal Time) Access to index logged
Tue Dec 29 2020 22:44:44 GMT+0000 (Coordinated Universal Time) Access to index logged
Tue Dec 29 2020 22:44:54 GMT+0000 (Coordinated Universal Time) Access to index logged
Tue Dec 29 2020 22:45:04 GMT+0000 (Coordinated Universal Time) Access to index logged
Tue Dec 29 2020 22:45:14 GMT+0000 (Coordinated Universal Time) Access to index logged
Tue Dec 29 2020 22:45:24 GMT+0000 (Coordinated Universal Time) Access to index logged
Tue Dec 29 2020 22:45:34 GMT+0000 (Coordinated Universal Time) Access to index logged
Tue Dec 29 2020 22:45:44 GMT+0000 (Coordinated Universal Time) Access to index logged
Tue Dec 29 2020 22:45:54 GMT+0000 (Coordinated Universal Time) Access to index logged
Tue Dec 29 2020 22:46:04 GMT+0000 (Coordinated Universal Time) Access to index logged
Tue Dec 29 2020 22:46:14 GMT+0000 (Coordinated Universal Time) Access to index logged
Tue Dec 29 2020 22:46:24 GMT+0000 (Coordinated Universal Time) Access to index logged
Tue Dec 29 2020 22:46:34 GMT+0000 (Coordinated Universal Time) Access to index logged
Tue Dec 29 2020 22:46:44 GMT+0000 (Coordinated Universal Time) Access to index logged
Tue Dec 29 2020 22:46:54 GMT+0000 (Coordinated Universal Time) Access to index logged
Tue Dec 29 2020 22:47:04 GMT+0000 (Coordinated Universal Time) Access to index logged
Tue Dec 29 2020 22:47:14 GMT+0000 (Coordinated Universal Time) Access to index logged
Tue Dec 29 2020 22:47:24 GMT+0000 (Coordinated Universal Time) Access to index logged
Tue Dec 29 2020 22:47:34 GMT+0000 (Coordinated Universal Time) Access to index logged
Tue Dec 29 2020 22:47:44 GMT+0000 (Coordinated Universal Time) Access to index logged
Tue Dec 29 2020 22:47:54 GMT+0000 (Coordinated Universal Time) Access to index logged
Tue Dec 29 2020 22:48:04 GMT+0000 (Coordinated Universal Time) Access to index logged
Tue Dec 29 2020 22:48:14 GMT+0000 (Coordinated Universal Time) Access to index logged
Tue Dec 29 2020 22:48:24 GMT+0000 (Coordinated Universal Time) Access to index logged
Tue Dec 29 2020 22:48:34 GMT+0000 (Coordinated Universal Time) Access to index logged
Tue Dec 29 2020 22:48:44 GMT+0000 (Coordinated Universal Time) Access to index logged
Tue Dec 29 2020 22:48:54 GMT+0000 (Coordinated Universal Time) Access to index logged
Tue Dec 29 2020 22:49:04 GMT+0000 (Coordinated Universal Time) Access to index logged
Tue Dec 29 2020 22:49:14 GMT+0000 (Coordinated Universal Time) Access to index logged
Tue Dec 29 2020 22:49:24 GMT+0000 (Coordinated Universal Time) Access to index logged
Tue Dec 29 2020 22:49:34 GMT+0000 (Coordinated Universal Time) Access to index logged
Tue Dec 29 2020 22:49:44 GMT+0000 (Coordinated Universal Time) Access to index logged
Tue Dec 29 2020 22:49:54 GMT+0000 (Coordinated Universal Time) Access to index logged
Tue Dec 29 2020 22:50:04 GMT+0000 (Coordinated Universal Time) Access to index logged
Tue Dec 29 2020 22:50:14 GMT+0000 (Coordinated Universal Time) Access to index logged
Tue Dec 29 2020 22:50:24 GMT+0000 (Coordinated Universal Time) Access to index logged
Tue Dec 29 2020 22:50:34 GMT+0000 (Coordinated Universal Time) Access to index logged
Tue Dec 29 2020 22:50:44 GMT+0000 (Coordinated Universal Time) Access to index logged
Tue Dec 29 2020 22:50:54 GMT+0000 (Coordinated Universal Time) Access to index logged
Tue Dec 29 2020 22:51:04 GMT+0000 (Coordinated Universal Time) Access to index logged
Tue Dec 29 2020 22:51:14 GMT+0000 (Coordinated Universal Time) Access to index logged
Tue Dec 29 2020 22:51:24 GMT+0000 (Coordinated Universal Time) Access to index logged
Tue Dec 29 2020 22:51:34 GMT+0000 (Coordinated Universal Time) Access to index logged
Tue Dec 29 2020 22:51:44 GMT+0000 (Coordinated Universal Time) Access to index logged
Tue Dec 29 2020 22:51:54 GMT+0000 (Coordinated Universal Time) Access to index logged
Tue Dec 29 2020 22:52:04 GMT+0000 (Coordinated Universal Time) Access to index logged
Tue Dec 29 2020 22:52:14 GMT+0000 (Coordinated Universal Time) Access to index logged
Tue Dec 29 2020 22:52:24 GMT+0000 (Coordinated Universal Time) Access to index logged
Tue Dec 29 2020 22:52:34 GMT+0000 (Coordinated Universal Time) Access to index logged
Tue Dec 29 2020 22:52:44 GMT+0000 (Coordinated Universal Time) Access to index logged
Tue Dec 29 2020 22:52:54 GMT+0000 (Coordinated Universal Time) Access to index logged
Tue Dec 29 2020 22:53:04 GMT+0000 (Coordinated Universal Time) Access to index logged
Tue Dec 29 2020 22:53:14 GMT+0000 (Coordinated Universal Time) Access to index logged
Tue Dec 29 2020 22:53:24 GMT+0000 (Coordinated Universal Time) Access to index logged
Tue Dec 29 2020 22:53:34 GMT+0000 (Coordinated Universal Time) Access to index logged
Tue Dec 29 2020 22:53:44 GMT+0000 (Coordinated Universal Time) Access to index logged
Tue Dec 29 2020 22:53:54 GMT+0000 (Coordinated Universal Time) Access to index logged
Tue Dec 29 2020 22:54:04 GMT+0000 (Coordinated Universal Time) Access to index logged
Tue Dec 29 2020 22:54:14 GMT+0000 (Coordinated Universal Time) Access to index logged
Tue Dec 29 2020 22:54:24 GMT+0000 (Coordinated Universal Time) Access to index logged
Tue Dec 29 2020 22:54:34 GMT+0000 (Coordinated Universal Time) Access to index logged
Tue Dec 29 2020 22:54:44 GMT+0000 (Coordinated Universal Time) Access to index logged
Tue Dec 29 2020 22:54:54 GMT+0000 (Coordinated Universal Time) Access to index logged
Tue Dec 29 2020 22:55:04 GMT+0000 (Coordinated Universal Time) Access to index logged
Tue Dec 29 2020 22:55:14 GMT+0000 (Coordinated Universal Time) Access to index logged
Tue Dec 29 2020 22:55:24 GMT+0000 (Coordinated Universal Time) Access to index logged
Tue Dec 29 2020 22:55:34 GMT+0000 (Coordinated Universal Time) Access to index logged
Tue Dec 29 2020 22:55:44 GMT+0000 (Coordinated Universal Time) Access to index logged
Tue Dec 29 2020 22:55:54 GMT+0000 (Coordinated Universal Time) Access to index logged
Tue Dec 29 2020 22:56:04 GMT+0000 (Coordinated Universal Time) Access to index logged
Tue Dec 29 2020 22:56:14 GMT+0000 (Coordinated Universal Time) Access to index logged
Tue Dec 29 2020 22:56:24 GMT+0000 (Coordinated Universal Time) Access to index logged
Tue Dec 29 2020 22:56:34 GMT+0000 (Coordinated Universal Time) Access to index logged
Tue Dec 29 2020 22:56:44 GMT+0000 (Coordinated Universal Time) Access to index logged
Tue Dec 29 2020 22:56:54 GMT+0000 (Coordinated Universal Time) Access to index logged
Tue Dec 29 2020 22:57:04 GMT+0000 (Coordinated Universal Time) Access to index logged
Tue Dec 29 2020 22:57:14 GMT+0000 (Coordinated Universal Time) Access to index logged
Tue Dec 29 2020 22:57:24 GMT+0000 (Coordinated Universal Time) Access to index logged
Tue Dec 29 2020 22:57:34 GMT+0000 (Coordinated Universal Time) Access to index logged
Tue Dec 29 2020 22:57:44 GMT+0000 (Coordinated Universal Time) Access to index logged
Tue Dec 29 2020 22:57:54 GMT+0000 (Coordinated Universal Time) Access to index logged
Tue Dec 29 2020 22:58:04 GMT+0000 (Coordinated Universal Time) Access to index logged
Tue Dec 29 2020 22:58:14 GMT+0000 (Coordinated Universal Time) Access to index logged
Tue Dec 29 2020 22:58:24 GMT+0000 (Coordinated Universal Time) Access to index logged
Tue Dec 29 2020 22:58:34 GMT+0000 (Coordinated Universal Time) Access to index logged
Tue Dec 29 2020 22:58:44 GMT+0000 (Coordinated Universal Time) Access to index logged
Tue Dec 29 2020 22:58:54 GMT+0000 (Coordinated Universal Time) Access to index logged
Tue Dec 29 2020 22:59:04 GMT+0000 (Coordinated Universal Time) Access to index logged
Tue Dec 29 2020 22:59:14 GMT+0000 (Coordinated Universal Time) Access to index logged
Tue Dec 29 2020 22:59:24 GMT+0000 (Coordinated Universal Time) Access to index logged
Tue Dec 29 2020 22:59:34 GMT+0000 (Coordinated Universal Time) Access to index logged
Tue Dec 29 2020 22:59:44 GMT+0000 (Coordinated Universal Time) Access to index logged
Tue Dec 29 2020 22:59:54 GMT+0000 (Coordinated Universal Time) Access to index logged
Tue Dec 29 2020 23:00:04 GMT+0000 (Coordinated Universal Time) Access to index logged
Tue Dec 29 2020 23:00:14 GMT+0000 (Coordinated Universal Time) Access to index logged
Tue Dec 29 2020 23:00:24 GMT+0000 (Coordinated Universal Time) Access to index logged
Tue Dec 29 2020 23:00:35 GMT+0000 (Coordinated Universal Time) Access to index logged
Tue Dec 29 2020 23:00:44 GMT+0000 (Coordinated Universal Time) Access to index logged
Tue Dec 29 2020 23:00:54 GMT+0000 (Coordinated Universal Time) Access to index logged
Tue Dec 29 2020 23:01:04 GMT+0000 (Coordinated Universal Time) Access to index logged
Tue Dec 29 2020 23:01:14 GMT+0000 (Coordinated Universal Time) Access to index logged
Tue Dec 29 2020 23:01:24 GMT+0000 (Coordinated Universal Time) Access to index logged
Tue Dec 29 2020 23:01:34 GMT+0000 (Coordinated Universal Time) Access to index logged
Tue Dec 29 2020 23:01:44 GMT+0000 (Coordinated Universal Time) Access to index logged
Tue Dec 29 2020 23:01:54 GMT+0000 (Coordinated Universal Time) Access to index logged
Tue Dec 29 2020 23:02:04 GMT+0000 (Coordinated Universal Time) Access to index logged
Tue Dec 29 2020 23:02:14 GMT+0000 (Coordinated Universal Time) Access to index logged
Tue Dec 29 2020 23:02:24 GMT+0000 (Coordinated Universal Time) Access to index logged
Tue Dec 29 2020 23:02:34 GMT+0000 (Coordinated Universal Time) Access to index logged
Tue Dec 29 2020 23:02:44 GMT+0000 (Coordinated Universal Time) Access to index logged
Tue Dec 29 2020 23:02:54 GMT+0000 (Coordinated Universal Time) Access to index logged
Tue Dec 29 2020 23:03:04 GMT+0000 (Coordinated Universal Time) Access to index logged
Tue Dec 29 2020 23:03:14 GMT+0000 (Coordinated Universal Time) Access to index logged
Tue Dec 29 2020 23:03:24 GMT+0000 (Coordinated Universal Time) Access to index logged
Tue Dec 29 2020 23:03:34 GMT+0000 (Coordinated Universal Time) Access to index logged
Tue Dec 29 2020 23:03:44 GMT+0000 (Coordinated Universal Time) Access to index logged
Tue Dec 29 2020 23:03:54 GMT+0000 (Coordinated Universal Time) Access to index logged
Tue Dec 29 2020 23:04:04 GMT+0000 (Coordinated Universal Time) Access to index logged
Tue Dec 29 2020 23:04:14 GMT+0000 (Coordinated Universal Time) Access to index logged
Tue Dec 29 2020 23:04:24 GMT+0000 (Coordinated Universal Time) Access to index logged
Tue Dec 29 2020 23:04:34 GMT+0000 (Coordinated Universal Time) Access to index logged
Tue Dec 29 2020 23:04:44 GMT+0000 (Coordinated Universal Time) Access to index logged
Tue Dec 29 2020 23:04:54 GMT+0000 (Coordinated Universal Time) Access to index logged
Tue Dec 29 2020 23:05:04 GMT+0000 (Coordinated Universal Time) Access to index logged
Tue Dec 29 2020 23:05:14 GMT+0000 (Coordinated Universal Time) Access to index logged
Tue Dec 29 2020 23:05:24 GMT+0000 (Coordinated Universal Time) Access to index logged
Tue Dec 29 2020 23:05:36 GMT+0000 (Coordinated Universal Time) Access to index logged
Tue Dec 29 2020 23:05:44 GMT+0000 (Coordinated Universal Time) Access to index logged
Tue Dec 29 2020 23:05:54 GMT+0000 (Coordinated Universal Time) Access to index logged
Tue Dec 29 2020 23:06:04 GMT+0000 (Coordinated Universal Time) Access to index logged
Tue Dec 29 2020 23:06:14 GMT+0000 (Coordinated Universal Time) Access to index logged
Tue Dec 29 2020 23:06:24 GMT+0000 (Coordinated Universal Time) Access to index logged
Tue Dec 29 2020 23:06:34 GMT+0000 (Coordinated Universal Time) Access to index logged
Tue Dec 29 2020 23:06:44 GMT+0000 (Coordinated Universal Time) Access to index logged
Tue Dec 29 2020 23:06:54 GMT+0000 (Coordinated Universal Time) Access to index logged
Tue Dec 29 2020 23:07:04 GMT+0000 (Coordinated Universal Time) Access to index logged
Tue Dec 29 2020 23:07:14 GMT+0000 (Coordinated Universal Time) Access to index logged
Tue Dec 29 2020 23:07:24 GMT+0000 (Coordinated Universal Time) Access to index logged
Tue Dec 29 2020 23:07:34 GMT+0000 (Coordinated Universal Time) Access to index logged
Tue Dec 29 2020 23:07:44 GMT+0000 (Coordinated Universal Time) Access to index logged
Tue Dec 29 2020 23:07:54 GMT+0000 (Coordinated Universal Time) Access to index logged
Tue Dec 29 2020 23:08:04 GMT+0000 (Coordinated Universal Time) Access to index logged
Tue Dec 29 2020 23:08:14 GMT+0000 (Coordinated Universal Time) Access to index logged
Tue Dec 29 2020 23:08:24 GMT+0000 (Coordinated Universal Time) Access to index logged
Tue Dec 29 2020 23:08:35 GMT+0000 (Coordinated Universal Time) Access to index logged
Tue Dec 29 2020 23:08:44 GMT+0000 (Coordinated Universal Time) Access to index logged
Tue Dec 29 2020 23:08:54 GMT+0000 (Coordinated Universal Time) Access to index logged
Tue Dec 29 2020 23:09:04 GMT+0000 (Coordinated Universal Time) Access to index logged
Tue Dec 29 2020 23:09:14 GMT+0000 (Coordinated Universal Time) Access to index logged
Tue Dec 29 2020 23:09:24 GMT+0000 (Coordinated Universal Time) Access to index logged
Tue Dec 29 2020 23:09:34 GMT+0000 (Coordinated Universal Time) Access to index logged
Tue Dec 29 2020 23:09:44 GMT+0000 (Coordinated Universal Time) Access to index logged
Tue Dec 29 2020 23:09:54 GMT+0000 (Coordinated Universal Time) Access to index logged
Tue Dec 29 2020 23:10:04 GMT+0000 (Coordinated Universal Time) Access to index logged
Tue Dec 29 2020 23:10:14 GMT+0000 (Coordinated Universal Time) Access to index logged
Tue Dec 29 2020 23:10:24 GMT+0000 (Coordinated Universal Time) Access to index logged
Tue Dec 29 2020 23:10:34 GMT+0000 (Coordinated Universal Time) Access to index logged
Tue Dec 29 2020 23:10:44 GMT+0000 (Coordinated Universal Time) Access to index logged
Tue Dec 29 2020 23:10:54 GMT+0000 (Coordinated Universal Time) Access to index logged
Tue Dec 29 2020 23:11:04 GMT+0000 (Coordinated Universal Time) Access to index logged
Tue Dec 29 2020 23:11:14 GMT+0000 (Coordinated Universal Time) Access to index logged
Tue Dec 29 2020 23:11:24 GMT+0000 (Coordinated Universal Time) Access to index logged
Tue Dec 29 2020 23:11:34 GMT+0000 (Coordinated Universal Time) Access to index logged
Tue Dec 29 2020 23:11:44 GMT+0000 (Coordinated Universal Time) Access to index logged
Tue Dec 29 2020 23:11:54 GMT+0000 (Coordinated Universal Time) Access to index logged
Tue Dec 29 2020 23:12:04 GMT+0000 (Coordinated Universal Time) Access to index logged
Tue Dec 29 2020 23:12:15 GMT+0000 (Coordinated Universal Time) Access to index logged
Tue Dec 29 2020 23:12:24 GMT+0000 (Coordinated Universal Time) Access to index logged
Tue Dec 29 2020 23:12:34 GMT+0000 (Coordinated Universal Time) Access to index logged
Tue Dec 29 2020 23:12:44 GMT+0000 (Coordinated Universal Time) Access to index logged
Tue Dec 29 2020 23:12:55 GMT+0000 (Coordinated Universal Time) Access to index logged
Tue Dec 29 2020 23:13:04 GMT+0000 (Coordinated Universal Time) Access to index logged
Tue Dec 29 2020 23:13:14 GMT+0000 (Coordinated Universal Time) Access to index logged
Tue Dec 29 2020 23:13:24 GMT+0000 (Coordinated Universal Time) Access to index logged
Tue Dec 29 2020 23:13:34 GMT+0000 (Coordinated Universal Time) Access to index logged
Tue Dec 29 2020 23:13:44 GMT+0000 (Coordinated Universal Time) Access to index logged
Tue Dec 29 2020 23:13:54 GMT+0000 (Coordinated Universal Time) Access to index logged
Tue Dec 29 2020 23:14:04 GMT+0000 (Coordinated Universal Time) Access to index logged
Tue Dec 29 2020 23:14:14 GMT+0000 (Coordinated Universal Time) Access to index logged
Tue Dec 29 2020 23:14:24 GMT+0000 (Coordinated Universal Time) Access to index logged
Tue Dec 29 2020 23:14:35 GMT+0000 (Coordinated Universal Time) Access to index logged
Tue Dec 29 2020 23:14:44 GMT+0000 (Coordinated Universal Time) Access to index logged
Tue Dec 29 2020 23:14:54 GMT+0000 (Coordinated Universal Time) Access to index logged
Tue Dec 29 2020 23:15:04 GMT+0000 (Coordinated Universal Time) Access to index logged
Tue Dec 29 2020 23:15:14 GMT+0000 (Coordinated Universal Time) Access to index logged
Tue Dec 29 2020 23:15:24 GMT+0000 (Coordinated Universal Time) Access to index logged
Tue Dec 29 2020 23:15:35 GMT+0000 (Coordinated Universal Time) Access to index logged
Tue Dec 29 2020 23:15:44 GMT+0000 (Coordinated Universal Time) Access to index logged
Tue Dec 29 2020 23:15:55 GMT+0000 (Coordinated Universal Time) Access to index logged
Tue Dec 29 2020 23:16:04 GMT+0000 (Coordinated Universal Time) Access to index logged
Tue Dec 29 2020 23:16:14 GMT+0000 (Coordinated Universal Time) Access to index logged
Tue Dec 29 2020 23:16:25 GMT+0000 (Coordinated Universal Time) Access to index logged
Tue Dec 29 2020 23:16:35 GMT+0000 (Coordinated Universal Time) Access to index logged
Tue Dec 29 2020 23:16:45 GMT+0000 (Coordinated Universal Time) Access to index logged
Tue Dec 29 2020 23:16:55 GMT+0000 (Coordinated Universal Time) Access to index logged
Tue Dec 29 2020 23:17:04 GMT+0000 (Coordinated Universal Time) Access to index logged
Tue Dec 29 2020 23:17:15 GMT+0000 (Coordinated Universal Time) Access to index logged
Tue Dec 29 2020 23:17:25 GMT+0000 (Coordinated Universal Time) Access to index logged
Tue Dec 29 2020 23:17:35 GMT+0000 (Coordinated Universal Time) Access to index logged
Tue Dec 29 2020 23:17:45 GMT+0000 (Coordinated Universal Time) Access to index logged
Tue Dec 29 2020 23:17:55 GMT+0000 (Coordinated Universal Time) Access to index logged
Tue Dec 29 2020 23:18:05 GMT+0000 (Coordinated Universal Time) Access to index logged
Tue Dec 29 2020 23:18:15 GMT+0000 (Coordinated Universal Time) Access to index logged
Tue Dec 29 2020 23:18:25 GMT+0000 (Coordinated Universal Time) Access to index logged
Tue Dec 29 2020 23:18:35 GMT+0000 (Coordinated Universal Time) Access to index logged
Tue Dec 29 2020 23:18:45 GMT+0000 (Coordinated Universal Time) Access to index logged
Tue Dec 29 2020 23:18:55 GMT+0000 (Coordinated Universal Time) Access to index logged
Tue Dec 29 2020 23:19:05 GMT+0000 (Coordinated Universal Time) Access to index logged
Tue Dec 29 2020 23:19:15 GMT+0000 (Coordinated Universal Time) Access to index logged
Tue Dec 29 2020 23:19:25 GMT+0000 (Coordinated Universal Time) Access to index logged
Tue Dec 29 2020 23:19:35 GMT+0000 (Coordinated Universal Time) Access to index logged
Tue Dec 29 2020 23:19:45 GMT+0000 (Coordinated Universal Time) Access to index logged
Tue Dec 29 2020 23:19:55 GMT+0000 (Coordinated Universal Time) Access to index logged
Tue Dec 29 2020 23:20:05 GMT+0000 (Coordinated Universal Time) Access to index logged
Tue Dec 29 2020 23:20:15 GMT+0000 (Coordinated Universal Time) Access to index logged
Tue Dec 29 2020 23:20:25 GMT+0000 (Coordinated Universal Time) Access to index logged
Tue Dec 29 2020 23:20:35 GMT+0000 (Coordinated Universal Time) Access to index logged
Tue Dec 29 2020 23:20:45 GMT+0000 (Coordinated Universal Time) Access to index logged
Tue Dec 29 2020 23:20:55 GMT+0000 (Coordinated Universal Time) Access to index logged
Tue Dec 29 2020 23:21:05 GMT+0000 (Coordinated Universal Time) Access to index logged
Tue Dec 29 2020 23:21:15 GMT+0000 (Coordinated Universal Time) Access to index logged
Tue Dec 29 2020 23:21:25 GMT+0000 (Coordinated Universal Time) Access to index logged
Tue Dec 29 2020 23:21:35 GMT+0000 (Coordinated Universal Time) Access to index logged
Tue Dec 29 2020 23:21:45 GMT+0000 (Coordinated Universal Time) Access to index logged
Tue Dec 29 2020 23:21:46 GMT+0000 (Coordinated Universal Time) Access to index logged
Tue Dec 29 2020 23:21:55 GMT+0000 (Coordinated Universal Time) Access to index logged
Tue Dec 29 2020 23:22:05 GMT+0000 (Coordinated Universal Time) Access to index logged
Tue Dec 29 2020 23:22:15 GMT+0000 (Coordinated Universal Time) Access to index logged
Tue Dec 29 2020 23:22:25 GMT+0000 (Coordinated Universal Time) Access to index logged
Tue Dec 29 2020 23:22:35 GMT+0000 (Coordinated Universal Time) Access to index logged
Tue Dec 29 2020 23:22:45 GMT+0000 (Coordinated Universal Time) Access to index logged
Tue Dec 29 2020 23:22:55 GMT+0000 (Coordinated Universal Time) Access to index logged
Tue Dec 29 2020 23:23:05 GMT+0000 (Coordinated Universal Time) Access to index logged
Tue Dec 29 2020 23:23:15 GMT+0000 (Coordinated Universal Time) Access to index logged
Tue Dec 29 2020 23:23:25 GMT+0000 (Coordinated Universal Time) Access to index logged
Tue Dec 29 2020 23:23:35 GMT+0000 (Coordinated Universal Time) Access to index logged
Tue Dec 29 2020 23:23:45 GMT+0000 (Coordinated Universal Time) Access to index logged
Tue Dec 29 2020 23:23:55 GMT+0000 (Coordinated Universal Time) Access to index logged
Tue Dec 29 2020 23:24:05 GMT+0000 (Coordinated Universal Time) Access to index logged
Tue Dec 29 2020 23:24:15 GMT+0000 (Coordinated Universal Time) Access to index logged
Tue Dec 29 2020 23:24:25 GMT+0000 (Coordinated Universal Time) Access to index logged
Tue Dec 29 2020 23:24:35 GMT+0000 (Coordinated Universal Time) Access to index logged
Tue Dec 29 2020 23:24:45 GMT+0000 (Coordinated Universal Time) Access to index logged
Tue Dec 29 2020 23:24:55 GMT+0000 (Coordinated Universal Time) Access to index logged
Tue Dec 29 2020 23:25:05 GMT+0000 (Coordinated Universal Time) Access to index logged
Tue Dec 29 2020 23:25:15 GMT+0000 (Coordinated Universal Time) Access to index logged
Tue Dec 29 2020 23:25:25 GMT+0000 (Coordinated Universal Time) Access to index logged
Tue Dec 29 2020 23:25:35 GMT+0000 (Coordinated Universal Time) Access to index logged
Tue Dec 29 2020 23:25:45 GMT+0000 (Coordinated Universal Time) Access to index logged
Tue Dec 29 2020 23:25:55 GMT+0000 (Coordinated Universal Time) Access to index logged
Tue Dec 29 2020 23:26:05 GMT+0000 (Coordinated Universal Time) Access to index logged
Tue Dec 29 2020 23:26:15 GMT+0000 (Coordinated Universal Time) Access to index logged
Tue Dec 29 2020 23:26:25 GMT+0000 (Coordinated Universal Time) Access to index logged
Tue Dec 29 2020 23:26:35 GMT+0000 (Coordinated Universal Time) Access to index logged
Tue Dec 29 2020 23:26:45 GMT+0000 (Coordinated Universal Time) Access to index logged
Tue Dec 29 2020 23:26:55 GMT+0000 (Coordinated Universal Time) Access to index logged
Tue Dec 29 2020 23:27:05 GMT+0000 (Coordinated Universal Time) Access to index logged
Tue Dec 29 2020 23:27:15 GMT+0000 (Coordinated Universal Time) Access to index logged
Tue Dec 29 2020 23:27:25 GMT+0000 (Coordinated Universal Time) Access to index logged
Tue Dec 29 2020 23:27:35 GMT+0000 (Coordinated Universal Time) Access to index logged
Tue Dec 29 2020 23:27:45 GMT+0000 (Coordinated Universal Time) Access to index logged
Tue Dec 29 2020 23:27:55 GMT+0000 (Coordinated Universal Time) Access to index logged
Tue Dec 29 2020 23:28:05 GMT+0000 (Coordinated Universal Time) Access to index logged
Tue Dec 29 2020 23:28:15 GMT+0000 (Coordinated Universal Time) Access to index logged
Tue Dec 29 2020 23:28:25 GMT+0000 (Coordinated Universal Time) Access to index logged
Tue Dec 29 2020 23:28:35 GMT+0000 (Coordinated Universal Time) Access to index logged
Tue Dec 29 2020 23:28:45 GMT+0000 (Coordinated Universal Time) Access to index logged
Tue Dec 29 2020 23:28:55 GMT+0000 (Coordinated Universal Time) Access to index logged
Tue Dec 29 2020 23:29:05 GMT+0000 (Coordinated Universal Time) Access to index logged
Tue Dec 29 2020 23:29:15 GMT+0000 (Coordinated Universal Time) Access to index logged
Tue Dec 29 2020 23:29:25 GMT+0000 (Coordinated Universal Time) Access to index logged
Tue Dec 29 2020 23:29:35 GMT+0000 (Coordinated Universal Time) Access to index logged
Tue Dec 29 2020 23:29:45 GMT+0000 (Coordinated Universal Time) Access to index logged
Tue Dec 29 2020 23:29:55 GMT+0000 (Coordinated Universal Time) Access to index logged
Tue Dec 29 2020 23:30:02 GMT+0000 (Coordinated Universal Time) Access to index logged
Tue Dec 29 2020 23:30:05 GMT+0000 (Coordinated Universal Time) Access to terminate logged
Tue Dec 29 2020 23:30:50 GMT+0000 (Coordinated Universal Time) Access to index logged
Tue Dec 29 2020 23:31:02 GMT+0000 (Coordinated Universal Time) Access to terminated logged
Tue Dec 29 2020 23:32:14 GMT+0000 (Coordinated Universal Time) Access to terminated logged
Tue Dec 29 2020 23:32:55 GMT+0000 (Coordinated Universal Time) Access to index logged
Tue Dec 29 2020 23:33:17 GMT+0000 (Coordinated Universal Time) Access to terminated logged
Tue Dec 29 2020 23:34:07 GMT+0000 (Coordinated Universal Time) Access to index logged
Tue Dec 29 2020 23:34:43 GMT+0000 (Coordinated Universal Time) Access to terminated logged
Tue Dec 29 2020 23:35:36 GMT+0000 (Coordinated Universal Time) Access to index logged
Tue Dec 29 2020 23:35:47 GMT+0000 (Coordinated Universal Time) Access to terminated logged
Tue Dec 29 2020 23:36:41 GMT+0000 (Coordinated Universal Time) Access to index logged
Tue Dec 29 2020 23:38:06 GMT+0000 (Coordinated Universal Time) Access to terminated logged
Tue Dec 29 2020 23:38:38 GMT+0000 (Coordinated Universal Time) Access to terminated logged
Tue Dec 29 2020 23:38:47 GMT+0000 (Coordinated Universal Time) Access to terminate logged
Tue Dec 29 2020 23:38:52 GMT+0000 (Coordinated Universal Time) Access to index logged
Tue Dec 29 2020 23:39:01 GMT+0000 (Coordinated Universal Time) Access to processor logged
Tue Dec 29 2020 23:39:28 GMT+0000 (Coordinated Universal Time) Access to terminate logged
Tue Dec 29 2020 23:39:33 GMT+0000 (Coordinated Universal Time) Access to terminated logged
Tue Dec 29 2020 23:39:33 GMT+0000 (Coordinated Universal Time) Access to index logged
Tue Dec 29 2020 23:40:28 GMT+0000 (Coordinated Universal Time) Access to index logged
Tue Dec 29 2020 23:40:36 GMT+0000 (Coordinated Universal Time) Access to processor logged